<?xml version="1.0" encoding="UTF-8"?>
<!-- Generated by org.testng.reporters.JUnitReportReporter -->
<testsuite hostname="ST" name="functionTesting.GetRequestAutomation" tests="1" failures="0" timestamp="24 Jul 2021 19:04:08 GMT" time="2.928" errors="0">
  <testcase name="getRequestAutomation" time="2.928" classname="functionTesting.GetRequestAutomation"/>
</testsuite> <!-- functionTesting.GetRequestAutomation -->
