<?xml version="1.0" encoding="UTF-8"?>
<!-- Generated by org.testng.reporters.JUnitReportReporter -->
<testsuite skipped="0" hostname="ST" name="baseTest.BaseTest" tests="1" failures="0" timestamp="25 Jul 2021 16:22:41 GMT" time="0.015" errors="0">
  <testcase name="utilsTest" time="0.015" classname="baseTest.BaseTest"/>
</testsuite> <!-- baseTest.BaseTest -->
