<?xml version="1.0" encoding="UTF-8"?>
<!-- Generated by org.testng.reporters.JUnitReportReporter -->
<testsuite skipped="0" hostname="ST" name="studentApiTest.GetAPITests" tests="1" failures="0" timestamp="28 Jul 2021 15:29:41 GMT" time="1.568" errors="0">
  <testcase name="getAPITest" time="1.568" classname="studentApiTest.GetAPITests"/>
</testsuite> <!-- studentApiTest.GetAPITests -->
