<?xml version="1.0" encoding="UTF-8"?>
<!-- Generated by org.testng.reporters.JUnitReportReporter -->
<testsuite skipped="0" hostname="ST" name="studentApiTest.PostAPITest" tests="1" failures="0" timestamp="28 Jul 2021 18:18:34 GMT" time="1.891" errors="0">
  <testcase name="validpostAPITest" time="1.891" classname="studentApiTest.PostAPITest"/>
</testsuite> <!-- studentApiTest.PostAPITest -->
