<?xml version="1.0" encoding="UTF-8"?>
<!-- Generated by org.testng.reporters.JUnitReportReporter -->
<testsuite hostname="ST" name="functionTesting.PostRequestAutomation" tests="1" failures="0" timestamp="24 Jul 2021 19:28:09 GMT" time="2.722" errors="0">
  <testcase name="postAPiAutomation" time="2.722" classname="functionTesting.PostRequestAutomation"/>
</testsuite> <!-- functionTesting.PostRequestAutomation -->
